<?xml version="1.0" encoding="UTF-8"?>
<!-- Generated by org.testng.reporters.JUnitReportReporter -->
<testsuite hostname="DESKTOP-MUIS24O" failures="0" tests="1" name="cucumberOptions.FlightReservTestRunner" time="42.783" errors="0" timestamp="2020-09-03T16:21:50 CEST" skipped="0">
  <testcase classname="cucumberOptions.FlightReservTestRunner" name="feature" time="42.783"/>
  <system-out/>
</testsuite> <!-- cucumberOptions.FlightReservTestRunner -->
